binding: user.agent=safari
Compiling module com.phuong_coi.english.App
   Tracing compile failure path for type 'com.phuong_coi.english.view.CwFormView'
      [ERROR] Errors in 'file:/E:/intern/english/english-client/src/main/java/com/phuong_coi/english/view/CwFormView.java'
         [ERROR] Line 126: Syntax error, insert ";" to complete Statement
   Finding entry point classes
      Tracing compile failure path for type 'com.phuong_coi.english.App'
         [ERROR] Errors in 'file:/E:/intern/english/english-client/src/main/java/com/phuong_coi/english/App.java'
            [ERROR] com.phuong_coi.english.view.UserListView cannot be resolved to a type
         [ERROR] Errors in 'file:/E:/intern/english/english-client/src/main/java/com/phuong_coi/english/view/UserListView.java'
            [ERROR] com.phuong_coi.english.view.CwFormView cannot be resolved to a type
         [ERROR] Errors in 'file:/E:/intern/english/english-client/src/main/java/com/phuong_coi/english/view/CwFormView.java'
            [ERROR] Line 126: Syntax error, insert ";" to complete Statement
[ERROR] Compiler returned false
